{"logTime": "1128/081922", "correlationVector":"sz7PevSF0cs1MuCrDaqQZa.1","action":"SyncServerConnectionManagerRequest", "result":"SYNC_SERVER_OK", "context":{"environment":"Prod_SoutheastAsia_000j", "migrationStage":"NotStarted", "server":"GENERAL0100001G"}}
{"logTime": "1128/081923", "correlationVector":"DPIPqK09AhXXG4y1esJx78","action":"SyncServerConnectionManagerRequest", "result":"SYNC_SERVER_OK", "context":{"environment":"", "migrationStage":"", "server":""}}
{"logTime": "1128/081923", "correlationVector":"sz7PevSF0cs1MuCrDaqQZa","action":"Initial GetUpdates", "result":"", "context":Reason: NEW_CLIENT. cV=sz7PevSF0cs1MuCrDaqQZa}
{"logTime": "1128/081923", "correlationVector":"sz7PevSF0cs1MuCrDaqQZa.2","action":"GetUpdates Response", "result":"Success", "context":Received 1 update(s). cV=sz7PevSF0cs1MuCrDaqQZa.0;server=GENERAL0100001G;cloudType=Consumer;environment=Prod_SoutheastAsia_000j;migrationStage=NotStarted}
{"logTime": "1128/081923", "correlationVector":"9yhQK1nq3oQ6KHGhcpndDp","action":"Initial GetUpdates", "result":"", "context":Reason: NEWLY_SUPPORTED_DATATYPE. cV=9yhQK1nq3oQ6KHGhcpndDp}
{"logTime": "1128/081923", "correlationVector":"9yhQK1nq3oQ6KHGhcpndDp.1","action":"SyncServerConnectionManagerRequest", "result":"SYNC_SERVER_OK", "context":{"environment":"Prod_SoutheastAsia_000j", "migrationStage":"NotStarted", "server":"GENERAL0100001E"}}
{"logTime": "1128/081923", "correlationVector":"9yhQK1nq3oQ6KHGhcpndDp.2","action":"GetUpdates Response", "result":"Success", "context":Received 250 update(s). cV=9yhQK1nq3oQ6KHGhcpndDp.0;server=GENERAL0100001E;cloudType=Consumer;environment=Prod_SoutheastAsia_000j;migrationStage=NotStarted Some updates remain.}
{"logTime": "1128/081923", "correlationVector":"vhtXVDtT2htn2EaoC4/CV0","action":"Initial GetUpdates", "result":"", "context":Reason: NEWLY_SUPPORTED_DATATYPE. cV=vhtXVDtT2htn2EaoC4/CV0}
{"logTime": "1128/081924", "correlationVector":"vhtXVDtT2htn2EaoC4/CV0.1","action":"SyncServerConnectionManagerRequest", "result":"SYNC_SERVER_OK", "context":{"environment":"Prod_SoutheastAsia_000j", "migrationStage":"NotStarted", "server":"GENERAL0300000J"}}
{"logTime": "1128/081924", "correlationVector":"vhtXVDtT2htn2EaoC4/CV0.2","action":"GetUpdates", "result":"DeleteReceived", "context":{"id":"abc203ed-dbab-47d5-92ab-aa1f26e5ecb0", "isDeleted:":"true", "version":"1732286754171"}}
{"logTime": "1128/081924", "correlationVector":"vhtXVDtT2htn2EaoC4/CV0.3","action":"GetUpdates Response", "result":"Success", "context":Received 165 update(s). cV=vhtXVDtT2htn2EaoC4/CV0.0;server=GENERAL0300000J;cloudType=Consumer;environment=Prod_SoutheastAsia_000j;migrationStage=NotStarted}
{"logTime": "1128/081924", "correlationVector":"YuK3cfAQQaTvniBLmtfSU4","action":"Initial GetUpdates", "result":"", "context":Reason: NEWLY_SUPPORTED_DATATYPE. cV=YuK3cfAQQaTvniBLmtfSU4}
{"logTime": "1128/081924", "correlationVector":"YuK3cfAQQaTvniBLmtfSU4.1","action":"SyncServerConnectionManagerRequest", "result":"SYNC_SERVER_OK", "context":{"environment":"Prod_SoutheastAsia_000j", "migrationStage":"NotStarted", "server":"GENERAL01000004"}}
{"logTime": "1128/081924", "correlationVector":"YuK3cfAQQaTvniBLmtfSU4.2","action":"GetUpdates Response", "result":"Success", "context":Received 22 update(s). cV=YuK3cfAQQaTvniBLmtfSU4.0;server=GENERAL01000004;cloudType=Consumer;environment=Prod_SoutheastAsia_000j;migrationStage=NotStarted}
{"logTime": "1128/081925", "correlationVector":"41jEtfvR0TpXWGRp3BarnU","action":"Initial GetUpdates", "result":"", "context":Reason: NEWLY_SUPPORTED_DATATYPE. cV=41jEtfvR0TpXWGRp3BarnU}
{"logTime": "1128/081925", "correlationVector":"41jEtfvR0TpXWGRp3BarnU.1","action":"SyncServerConnectionManagerRequest", "result":"SYNC_SERVER_OK", "context":{"environment":"Prod_SoutheastAsia_000j", "migrationStage":"NotStarted", "server":"GENERAL0300000E"}}
{"logTime": "1128/081925", "correlationVector":"41jEtfvR0TpXWGRp3BarnU.2","action":"GetUpdates", "result":"DeleteReceived", "context":{"id":"e5c1bb48-6e74-4775-8cf2-e7567477d6de", "isDeleted:":"true", "version":"1725020501142"}}
{"logTime": "1128/081925", "correlationVector":"41jEtfvR0TpXWGRp3BarnU.3","action":"GetUpdates", "result":"DeleteReceived", "context":{"id":"ea58c0dc-fe1a-4040-8c4f-0a0121656a80", "isDeleted:":"true", "version":"1725180042570"}}
{"logTime": "1128/081925", "correlationVector":"41jEtfvR0TpXWGRp3BarnU.4","action":"GetUpdates", "result":"DeleteReceived", "context":{"id":"7698dc8b-06e0-4030-ae20-a7f14085777d", "isDeleted:":"true", "version":"1727751552177"}}
{"logTime": "1128/081925", "correlationVector":"41jEtfvR0TpXWGRp3BarnU.5","action":"GetUpdates", "result":"DeleteReceived", "context":{"id":"fd20a0cb-d839-4dd8-93e9-1a10a9045773", "isDeleted:":"true", "version":"1727845613824"}}
{"logTime": "1128/081925", "correlationVector":"41jEtfvR0TpXWGRp3BarnU.6","action":"GetUpdates", "result":"DeleteReceived", "context":{"id":"677bb984-ef8d-4060-a761-b8268aaeb033", "isDeleted:":"true", "version":"1730611874551"}}
{"logTime": "1128/081925", "correlationVector":"41jEtfvR0TpXWGRp3BarnU.7","action":"GetUpdates", "result":"DeleteReceived", "context":{"id":"3a2b9db7-a99b-4aea-bbab-53f719e5bfcf", "isDeleted:":"true", "version":"1730991843160"}}
{"logTime": "1128/081925", "correlationVector":"41jEtfvR0TpXWGRp3BarnU.8","action":"GetUpdates", "result":"DeleteReceived", "context":{"id":"05bfa52f-de84-4742-976f-2dc17b7dac85", "isDeleted:":"true", "version":"1731517646834"}}
{"logTime": "1128/081925", "correlationVector":"41jEtfvR0TpXWGRp3BarnU.9","action":"GetUpdates", "result":"DeleteReceived", "context":{"id":"71b18718-f356-446c-a1b2-550b793e7ace", "isDeleted:":"true", "version":"1732286178787"}}
{"logTime": "1128/081925", "correlationVector":"41jEtfvR0TpXWGRp3BarnU.10","action":"GetUpdates", "result":"DeleteReceived", "context":{"id":"7cf7c846-73f8-49af-8296-6db894dda3c8", "isDeleted:":"true", "version":"1732287204698"}}
{"logTime": "1128/081925", "correlationVector":"41jEtfvR0TpXWGRp3BarnU.11","action":"GetUpdates", "result":"DeleteReceived", "context":{"id":"fce5061c-25bc-4a7f-bcea-06824e859057", "isDeleted:":"true", "version":"1732287220729"}}
{"logTime": "1128/081925", "correlationVector":"41jEtfvR0TpXWGRp3BarnU.12","action":"GetUpdates", "result":"DeleteReceived", "context":{"id":"52e3923d-e2ad-4a4e-b79d-bc1b18e365e3", "isDeleted:":"true", "version":"1732287220730"}}
{"logTime": "1128/081925", "correlationVector":"41jEtfvR0TpXWGRp3BarnU.13","action":"GetUpdates", "result":"DeleteReceived", "context":{"id":"a91bc2ed-5672-47d0-9074-004f58d3f963", "isDeleted:":"true", "version":"1732287220731"}}
{"logTime": "1128/081925", "correlationVector":"41jEtfvR0TpXWGRp3BarnU.14","action":"GetUpdates", "result":"DeleteReceived", "context":{"id":"47350457-9095-4115-81a7-1fb49f792f4e", "isDeleted:":"true", "version":"1732287220732"}}
{"logTime": "1128/081925", "correlationVector":"41jEtfvR0TpXWGRp3BarnU.15","action":"GetUpdates", "result":"DeleteReceived", "context":{"id":"ad2cd8e7-f339-4547-a096-ecb7ceec2786", "isDeleted:":"true", "version":"1732781050632"}}
{"logTime": "1128/081925", "correlationVector":"41jEtfvR0TpXWGRp3BarnU.16","action":"GetUpdates", "result":"DeleteReceived", "context":{"id":"b913525a-fccc-41ca-a5bb-0a845b19de92", "isDeleted:":"true", "version":"1732285920008"}}
{"logTime": "1128/081925", "correlationVector":"41jEtfvR0TpXWGRp3BarnU.17","action":"GetUpdates", "result":"DeleteReceived", "context":{"id":"5434ffbf-279c-4828-bb63-ec333f91b2e5", "isDeleted:":"true", "version":"1732285920009"}}
{"logTime": "1128/081925", "correlationVector":"41jEtfvR0TpXWGRp3BarnU.18","action":"GetUpdates", "result":"DeleteReceived", "context":{"id":"95bc3362-0792-47a4-aa6c-ebd4fe01050a", "isDeleted:":"true", "version":"1732285920010"}}
{"logTime": "1128/081925", "correlationVector":"41jEtfvR0TpXWGRp3BarnU.19","action":"GetUpdates", "result":"DeleteReceived", "context":{"id":"6d975b08-cc25-4705-8341-e6d5a5f0be99", "isDeleted:":"true", "version":"1732285923299"}}
{"logTime": "1128/081925", "correlationVector":"41jEtfvR0TpXWGRp3BarnU.20","action":"GetUpdates Response", "result":"Success", "context":Received 178 update(s). cV=41jEtfvR0TpXWGRp3BarnU.0;server=GENERAL0300000E;cloudType=Consumer;environment=Prod_SoutheastAsia_000j;migrationStage=NotStarted}
{"logTime": "1128/081925", "correlationVector":"xToq+Ll0cIyrrtrEZ+QcA6","action":"Normal GetUpdate request", "result":"", "context":cV=xToq+Ll0cIyrrtrEZ+QcA6
Nudged types: Sessions, Device Info, User Consents
Refresh requested types: Bookmarks, Preferences, Passwords, Autofill Profiles, Autofill, Typed URLs, Extensions, Sessions, Extension settings, History Delete Directives, Device Info, User Consents, Send Tab To Self, Web Apps, Collection, Edge E Drop, Edge Hub App Usage, Edge Tab Group, Edge Wallet, Encryption Keys}
{"logTime": "1128/081926", "correlationVector":"xToq+Ll0cIyrrtrEZ+QcA6.1","action":"SyncServerConnectionManagerRequest", "result":"SYNC_SERVER_OK", "context":{"environment":"Prod_SoutheastAsia_000j", "migrationStage":"NotStarted", "server":"GENERAL0100000P"}}
{"logTime": "1128/081926", "correlationVector":"xToq+Ll0cIyrrtrEZ+QcA6.2","action":"GetUpdates Response", "result":"Success", "context":Received 0 update(s). cV=xToq+Ll0cIyrrtrEZ+QcA6.0;server=GENERAL0100000P;cloudType=Consumer;environment=Prod_SoutheastAsia_000j;migrationStage=NotStarted}
{"logTime": "1128/081926", "correlationVector":"PLiPrlzLjIxMEltWNj1ep8","action":"DoCompareDataConsistency requsted types: ", "result":"Bookmarks, Preferences, Passwords, Typed URLs, Extensions, Extension settings, History Delete Directives, Send Tab To Self, Web Apps, Collection, Edge E Drop, Edge Tab Group, Edge Wallet, Encryption Keys"}
{"logTime": "1128/081926", "correlationVector":"PLiPrlzLjIxMEltWNj1ep8.0","action":"CompareDataConsistency result: ", "result":"Compare result: Encryption Keys is consistent. local entities count is: 1 local entities hash is: +QvrAHkAqAQc4Li9db1/ZNBQud0="}
{"logTime": "1128/081926", "correlationVector":"PLiPrlzLjIxMEltWNj1ep8.1","action":"CompareDataConsistency result: ", "result":"Compare result: Bookmarks is consistent. local entities count is: 20 local entities hash is: ff8Wz20YfMdiF83LVNhPP8dFl94="}
{"logTime": "1128/081926", "correlationVector":"PLiPrlzLjIxMEltWNj1ep8.2","action":"CompareDataConsistency result: ", "result":"Compare result: Preferences is consistent. local entities count is: 89 local entities hash is: OSyhOKT21TRQjNCuU6e+sf3gStw="}
{"logTime": "1128/081926", "correlationVector":"PLiPrlzLjIxMEltWNj1ep8.3","action":"CompareDataConsistency result: ", "result":"Server did not send this Typed URLs local entities count is: 4 local entities hash is: EzFAClfjtPt6Syzgo/toBQcTbbY="}
{"logTime": "1128/081926", "correlationVector":"PLiPrlzLjIxMEltWNj1ep8.4","action":"CompareDataConsistency result: ", "result":"Compare result: Extensions is consistent. local entities count is: 2 local entities hash is: bHyVlyrD7M/DVu/bVSuM6PISFW0="}
{"logTime": "1128/081926", "correlationVector":"PLiPrlzLjIxMEltWNj1ep8.5","action":"CompareDataConsistency result: ", "result":"Compare result: Extension settings is consistent. local entities count is: 0 local entities hash is: "}
{"logTime": "1128/081926", "correlationVector":"PLiPrlzLjIxMEltWNj1ep8.6","action":"CompareDataConsistency result: ", "result":"Compare result: History Delete Directives is consistent. local entities count is: 0 local entities hash is: "}
{"logTime": "1128/081926", "correlationVector":"PLiPrlzLjIxMEltWNj1ep8.7","action":"CompareDataConsistency result: ", "result":"Server did not send this Send Tab To Self local entities count is: 0 local entities hash is: "}
{"logTime": "1128/081926", "correlationVector":"PLiPrlzLjIxMEltWNj1ep8.8","action":"CompareDataConsistency result: ", "result":"Compare result: Web Apps is consistent. local entities count is: 0 local entities hash is: "}
{"logTime": "1128/081926", "correlationVector":"PLiPrlzLjIxMEltWNj1ep8.9","action":"CompareDataConsistency result: ", "result":"Compare result: Collection is consistent. local entities count is: 0 local entities hash is: "}
{"logTime": "1128/081926", "correlationVector":"PLiPrlzLjIxMEltWNj1ep8.10","action":"CompareDataConsistency result: ", "result":"Compare result: Edge E Drop is consistent. local entities count is: 0 local entities hash is: "}
{"logTime": "1128/081926", "correlationVector":"PLiPrlzLjIxMEltWNj1ep8.11","action":"CompareDataConsistency result: ", "result":"Compare result: Edge Tab Group is consistent. local entities count is: 0 local entities hash is: "}
{"logTime": "1128/081926", "correlationVector":"PLiPrlzLjIxMEltWNj1ep8.12","action":"CompareDataConsistency result: ", "result":"Compare result: Edge Wallet is consistent. local entities count is: 0 local entities hash is: "}
{"logTime": "1128/081926", "correlationVector":"PLiPrlzLjIxMEltWNj1ep8.13","action":"CompareDataConsistency result: ", "result":"Compare result: Passwords is consistent. local entities count is: 318 local entities hash is: lrYy+huyrWNAi6U68dmAEoLB9sg="}
{"logTime": "1128/081926", "correlationVector":"gJAEcBfTjhQxEZNj72fWeC","action":"Commit Request", "result":"", "context":Item count: 5
Contributing types: Sessions, Device Info, User Consents}
{"logTime": "1128/081927", "correlationVector":"gJAEcBfTjhQxEZNj72fWeC.1","action":"SyncServerConnectionManagerRequest", "result":"SYNC_SERVER_OK", "context":{"environment":"Prod_SoutheastAsia_000j", "migrationStage":"NotStarted", "server":"GENERAL0100001A"}}
{"logTime": "1128/081927", "correlationVector":"gJAEcBfTjhQxEZNj72fWeC.2","action":"Commit Response", "result":"Success", "context":Result: Success. cV=gJAEcBfTjhQxEZNj72fWeC.0;server=GENERAL0100001A;cloudType=Consumer;environment=Prod_SoutheastAsia_000j;migrationStage=NotStarted}
{"logTime": "1128/081927", "correlationVector":"","action":"DIAGNOSTIC_REQUEST|v1/diagnosticData/Diagnostic.SendCheckResult()|SUCCESS", "result":""}
{"logTime": "1128/081927", "correlationVector":"lGdaRG+bjE4sUEUvuXmOco","action":"Commit Request", "result":"", "context":Item count: 1
Contributing types: Edge Hub App Usage}
{"logTime": "1128/081928", "correlationVector":"lGdaRG+bjE4sUEUvuXmOco.1","action":"SyncServerConnectionManagerRequest", "result":"SYNC_SERVER_OK", "context":{"environment":"Prod_SoutheastAsia_000j", "migrationStage":"NotStarted", "server":"GENERAL0100000U"}}
{"logTime": "1128/081928", "correlationVector":"lGdaRG+bjE4sUEUvuXmOco.2","action":"Commit Response", "result":"Success", "context":Result: Success. cV=lGdaRG+bjE4sUEUvuXmOco.0;server=GENERAL0100000U;cloudType=Consumer;environment=Prod_SoutheastAsia_000j;migrationStage=NotStarted}
{"logTime": "1128/081930", "correlationVector":"/SpILSbEo+GruNfADqYljJ","action":"Commit Request", "result":"", "context":Item count: 1
Contributing types: Edge Hub App Usage}
{"logTime": "1128/081930", "correlationVector":"/SpILSbEo+GruNfADqYljJ.1","action":"SyncServerConnectionManagerRequest", "result":"SYNC_SERVER_OK", "context":{"environment":"Prod_SoutheastAsia_000j", "migrationStage":"NotStarted", "server":"GENERAL0300000U"}}
{"logTime": "1128/081930", "correlationVector":"/SpILSbEo+GruNfADqYljJ.2","action":"Commit Response", "result":"Success", "context":Result: Success. cV=/SpILSbEo+GruNfADqYljJ.0;server=GENERAL0300000U;cloudType=Consumer;environment=Prod_SoutheastAsia_000j;migrationStage=NotStarted}
{"logTime": "1128/082001", "correlationVector":"LxyEAs2MBPVQ10vSdexLuM","action":"Commit Request", "result":"", "context":Item count: 1
Contributing types: Sessions}
{"logTime": "1128/082002", "correlationVector":"LxyEAs2MBPVQ10vSdexLuM.1","action":"SyncServerConnectionManagerRequest", "result":"SYNC_SERVER_OK", "context":{"environment":"Prod_SoutheastAsia_000j", "migrationStage":"NotStarted", "server":"GENERAL0300001W"}}
{"logTime": "1128/082002", "correlationVector":"LxyEAs2MBPVQ10vSdexLuM.2","action":"Commit Response", "result":"Success", "context":Result: Success. cV=LxyEAs2MBPVQ10vSdexLuM.0;server=GENERAL0300001W;cloudType=Consumer;environment=Prod_SoutheastAsia_000j;migrationStage=NotStarted}
{"logTime": "1128/082008", "correlationVector":"zWdOZLUZAc2UyHFywihcYA","action":"Commit Request", "result":"", "context":Item count: 1
Contributing types: Preferences}
{"logTime": "1128/082009", "correlationVector":"zWdOZLUZAc2UyHFywihcYA.1","action":"SyncServerConnectionManagerRequest", "result":"SYNC_SERVER_OK", "context":{"environment":"Prod_SoutheastAsia_000j", "migrationStage":"NotStarted", "server":"GENERAL0300001H"}}
{"logTime": "1128/082009", "correlationVector":"zWdOZLUZAc2UyHFywihcYA.2","action":"Commit Response", "result":"Success", "context":Result: Success. cV=zWdOZLUZAc2UyHFywihcYA.0;server=GENERAL0300001H;cloudType=Consumer;environment=Prod_SoutheastAsia_000j;migrationStage=NotStarted}
